<?xml version="1.0" encoding="UTF-8"?>
<coverage generated="1763892806818" clover="3.2.0">
  <project timestamp="1763892806818" name="All files">
    <metrics statements="44" coveredstatements="26" conditionals="21" coveredconditionals="13" methods="9" coveredmethods="6" elements="74" coveredelements="45" complexity="0" loc="44" ncloc="44" packages="1" files="1" classes="1"/>
    <file name="setup.ts" path="/Users/michaelberry/Documents/CascadeProjects/AI-EssayGrader/AI-EssayGrader/tests/integration/setup.ts">
      <metrics statements="44" coveredstatements="26" conditionals="21" coveredconditionals="13" methods="9" coveredmethods="6"/>
      <line num="10" count="2" type="cond" truecount="1" falsecount="1"/>
      <line num="12" count="2" type="cond" truecount="1" falsecount="1"/>
      <line num="13" count="0" type="stmt"/>
      <line num="16" count="2" type="stmt"/>
      <line num="19" count="2" type="cond" truecount="1" falsecount="1"/>
      <line num="25" count="13" type="stmt"/>
      <line num="36" count="12" type="cond" truecount="2" falsecount="0"/>
      <line num="37" count="12" type="cond" truecount="2" falsecount="0"/>
      <line num="38" count="12" type="cond" truecount="2" falsecount="0"/>
      <line num="41" count="12" type="stmt"/>
      <line num="44" count="12" type="stmt"/>
      <line num="51" count="12" type="stmt"/>
      <line num="57" count="12" type="stmt"/>
      <line num="70" count="3" type="stmt"/>
      <line num="89" count="2" type="stmt"/>
      <line num="95" count="2" type="stmt"/>
      <line num="110" count="0" type="cond" truecount="0" falsecount="2"/>
      <line num="111" count="0" type="cond" truecount="0" falsecount="2"/>
      <line num="113" count="0" type="stmt"/>
      <line num="119" count="0" type="stmt"/>
      <line num="135" count="3" type="cond" truecount="2" falsecount="0"/>
      <line num="137" count="3" type="stmt"/>
      <line num="155" count="3" type="stmt"/>
      <line num="167" count="9" type="stmt"/>
      <line num="170" count="9" type="stmt"/>
      <line num="176" count="9" type="stmt"/>
      <line num="177" count="9" type="stmt"/>
      <line num="178" count="9" type="stmt"/>
      <line num="179" count="9" type="stmt"/>
      <line num="182" count="9" type="stmt"/>
      <line num="183" count="9" type="stmt"/>
      <line num="185" count="0" type="stmt"/>
      <line num="186" count="0" type="stmt"/>
      <line num="194" count="0" type="stmt"/>
      <line num="196" count="0" type="stmt"/>
      <line num="202" count="0" type="stmt"/>
      <line num="203" count="0" type="stmt"/>
      <line num="206" count="0" type="stmt"/>
      <line num="207" count="0" type="stmt"/>
      <line num="215" count="0" type="stmt"/>
      <line num="216" count="0" type="stmt"/>
      <line num="217" count="0" type="stmt"/>
      <line num="219" count="0" type="stmt"/>
      <line num="220" count="0" type="stmt"/>
    </file>
  </project>
</coverage>
