{"/Users/michaelberry/Documents/CascadeProjects/AI-EssayGrader/AI-EssayGrader/tests/integration/setup.ts": {"path":"/Users/michaelberry/Documents/CascadeProjects/AI-EssayGrader/AI-EssayGrader/tests/integration/setup.ts","statementMap":{"0":{"start":{"line":10,"column":18},"end":{"line":10,"column":null}},"1":{"start":{"line":12,"column":0},"end":{"line":14,"column":null}},"2":{"start":{"line":13,"column":4},"end":{"line":13,"column":null}},"3":{"start":{"line":16,"column":13},"end":{"line":16,"column":null}},"4":{"start":{"line":19,"column":19},"end":{"line":19,"column":null}},"5":{"start":{"line":25,"column":4},"end":{"line":25,"column":null}},"6":{"start":{"line":36,"column":22},"end":{"line":36,"column":null}},"7":{"start":{"line":37,"column":25},"end":{"line":37,"column":null}},"8":{"start":{"line":38,"column":23},"end":{"line":38,"column":null}},"9":{"start":{"line":41,"column":25},"end":{"line":41,"column":null}},"10":{"start":{"line":44,"column":21},"end":{"line":46,"column":null}},"11":{"start":{"line":51,"column":19},"end":{"line":53,"column":null}},"12":{"start":{"line":57,"column":4},"end":{"line":63,"column":null}},"13":{"start":{"line":70,"column":4},"end":{"line":77,"column":null}},"14":{"start":{"line":89,"column":22},"end":{"line":91,"column":null}},"15":{"start":{"line":95,"column":4},"end":{"line":99,"column":null}},"16":{"start":{"line":110,"column":28},"end":{"line":110,"column":null}},"17":{"start":{"line":111,"column":31},"end":{"line":111,"column":null}},"18":{"start":{"line":113,"column":25},"end":{"line":115,"column":null}},"19":{"start":{"line":119,"column":4},"end":{"line":124,"column":null}},"20":{"start":{"line":135,"column":17},"end":{"line":135,"column":null}},"21":{"start":{"line":137,"column":25},"end":{"line":150,"column":null}},"22":{"start":{"line":155,"column":4},"end":{"line":160,"column":null}},"23":{"start":{"line":167,"column":4},"end":{"line":187,"column":null}},"24":{"start":{"line":170,"column":8},"end":{"line":173,"column":null}},"25":{"start":{"line":176,"column":8},"end":{"line":176,"column":null}},"26":{"start":{"line":177,"column":8},"end":{"line":177,"column":null}},"27":{"start":{"line":178,"column":8},"end":{"line":178,"column":null}},"28":{"start":{"line":179,"column":8},"end":{"line":180,"column":null}},"29":{"start":{"line":182,"column":8},"end":{"line":182,"column":null}},"30":{"start":{"line":183,"column":8},"end":{"line":183,"column":null}},"31":{"start":{"line":185,"column":8},"end":{"line":185,"column":null}},"32":{"start":{"line":186,"column":8},"end":{"line":186,"column":null}},"33":{"start":{"line":194,"column":4},"end":{"line":208,"column":null}},"34":{"start":{"line":196,"column":24},"end":{"line":198,"column":null}},"35":{"start":{"line":202,"column":8},"end":{"line":204,"column":null}},"36":{"start":{"line":203,"column":12},"end":{"line":203,"column":null}},"37":{"start":{"line":206,"column":8},"end":{"line":206,"column":null}},"38":{"start":{"line":207,"column":8},"end":{"line":207,"column":null}},"39":{"start":{"line":215,"column":4},"end":{"line":221,"column":null}},"40":{"start":{"line":216,"column":23},"end":{"line":216,"column":null}},"41":{"start":{"line":217,"column":8},"end":{"line":217,"column":null}},"42":{"start":{"line":219,"column":8},"end":{"line":219,"column":null}},"43":{"start":{"line":220,"column":8},"end":{"line":220,"column":null}}},"fnMap":{"0":{"name":"generateTestPrefix","decl":{"start":{"line":24,"column":16},"end":{"line":24,"column":45}},"loc":{"start":{"line":24,"column":45},"end":{"line":26,"column":null}},"line":24},"1":{"name":"createTestUser","decl":{"start":{"line":31,"column":22},"end":{"line":31,"column":null}},"loc":{"start":{"line":35,"column":2},"end":{"line":64,"column":null}},"line":35},"2":{"name":"generateTestToken","decl":{"start":{"line":69,"column":16},"end":{"line":69,"column":34}},"loc":{"start":{"line":69,"column":76},"end":{"line":78,"column":null}},"line":69},"3":{"name":"createTestStudent","decl":{"start":{"line":83,"column":22},"end":{"line":83,"column":null}},"loc":{"start":{"line":86,"column":2},"end":{"line":100,"column":null}},"line":86},"4":{"name":"createTestAssignment","decl":{"start":{"line":105,"column":22},"end":{"line":105,"column":null}},"loc":{"start":{"line":109,"column":2},"end":{"line":125,"column":null}},"line":109},"5":{"name":"createTestSubmission","decl":{"start":{"line":130,"column":22},"end":{"line":130,"column":null}},"loc":{"start":{"line":134,"column":2},"end":{"line":161,"column":null}},"line":134},"6":{"name":"cleanupTestTenant","decl":{"start":{"line":166,"column":22},"end":{"line":166,"column":40}},"loc":{"start":{"line":166,"column":58},"end":{"line":188,"column":null}},"line":166},"7":{"name":"cleanupTestDataByPrefix","decl":{"start":{"line":193,"column":22},"end":{"line":193,"column":46}},"loc":{"start":{"line":193,"column":72},"end":{"line":209,"column":null}},"line":193},"8":{"name":"verifyDatabaseConnection","decl":{"start":{"line":214,"column":22},"end":{"line":214,"column":67}},"loc":{"start":{"line":214,"column":67},"end":{"line":222,"column":null}},"line":214}},"branchMap":{"0":{"loc":{"start":{"line":10,"column":18},"end":{"line":10,"column":null}},"type":"binary-expr","locations":[{"start":{"line":10,"column":18},"end":{"line":10,"column":51}},{"start":{"line":10,"column":51},"end":{"line":10,"column":null}}],"line":10},"1":{"loc":{"start":{"line":12,"column":0},"end":{"line":14,"column":null}},"type":"if","locations":[{"start":{"line":12,"column":0},"end":{"line":14,"column":null}},{"start":{},"end":{}}],"line":12},"2":{"loc":{"start":{"line":19,"column":19},"end":{"line":19,"column":null}},"type":"binary-expr","locations":[{"start":{"line":19,"column":19},"end":{"line":19,"column":45}},{"start":{"line":19,"column":45},"end":{"line":19,"column":null}}],"line":19},"3":{"loc":{"start":{"line":36,"column":22},"end":{"line":36,"column":null}},"type":"binary-expr","locations":[{"start":{"line":36,"column":22},"end":{"line":36,"column":31}},{"start":{"line":36,"column":31},"end":{"line":36,"column":null}}],"line":36},"4":{"loc":{"start":{"line":37,"column":25},"end":{"line":37,"column":null}},"type":"binary-expr","locations":[{"start":{"line":37,"column":25},"end":{"line":37,"column":37}},{"start":{"line":37,"column":37},"end":{"line":37,"column":null}}],"line":37},"5":{"loc":{"start":{"line":38,"column":23},"end":{"line":38,"column":null}},"type":"binary-expr","locations":[{"start":{"line":38,"column":23},"end":{"line":38,"column":37}},{"start":{"line":38,"column":37},"end":{"line":38,"column":null}}],"line":38},"6":{"loc":{"start":{"line":97,"column":21},"end":{"line":97,"column":null}},"type":"binary-expr","locations":[{"start":{"line":97,"column":21},"end":{"line":97,"column":36}},{"start":{"line":97,"column":36},"end":{"line":97,"column":null}}],"line":97},"7":{"loc":{"start":{"line":110,"column":28},"end":{"line":110,"column":null}},"type":"binary-expr","locations":[{"start":{"line":110,"column":28},"end":{"line":110,"column":37}},{"start":{"line":110,"column":37},"end":{"line":110,"column":null}}],"line":110},"8":{"loc":{"start":{"line":111,"column":31},"end":{"line":111,"column":null}},"type":"binary-expr","locations":[{"start":{"line":111,"column":31},"end":{"line":111,"column":43}},{"start":{"line":111,"column":43},"end":{"line":111,"column":null}}],"line":111},"9":{"loc":{"start":{"line":135,"column":17},"end":{"line":135,"column":null}},"type":"binary-expr","locations":[{"start":{"line":135,"column":17},"end":{"line":135,"column":33}},{"start":{"line":135,"column":33},"end":{"line":135,"column":null}}],"line":135},"10":{"loc":{"start":{"line":193,"column":46},"end":{"line":193,"column":72}},"type":"default-arg","locations":[{"start":{"line":193,"column":63},"end":{"line":193,"column":72}}],"line":193}},"s":{"0":2,"1":2,"2":0,"3":2,"4":2,"5":13,"6":12,"7":12,"8":12,"9":12,"10":12,"11":12,"12":12,"13":3,"14":2,"15":2,"16":0,"17":0,"18":0,"19":0,"20":3,"21":3,"22":3,"23":9,"24":9,"25":9,"26":9,"27":9,"28":9,"29":9,"30":9,"31":0,"32":0,"33":0,"34":0,"35":0,"36":0,"37":0,"38":0,"39":0,"40":0,"41":0,"42":0,"43":0},"f":{"0":13,"1":12,"2":3,"3":2,"4":0,"5":3,"6":9,"7":0,"8":0},"b":{"0":[2,0],"1":[0,2],"2":[2,0],"3":[12,11],"4":[12,10],"5":[12,12],"6":[2,2],"7":[0,0],"8":[0,0],"9":[3,2],"10":[0]},"meta":{"lastBranch":11,"lastFunction":9,"lastStatement":44,"seen":{"s:10:18:10:Infinity":0,"b:10:18:10:51:10:51:10:Infinity":0,"b:12:0:14:Infinity:undefined:undefined:undefined:undefined":1,"s:12:0:14:Infinity":1,"s:13:4:13:Infinity":2,"s:16:13:16:Infinity":3,"s:19:19:19:Infinity":4,"b:19:19:19:45:19:45:19:Infinity":2,"f:24:16:24:45":0,"s:25:4:25:Infinity":5,"f:31:22:31:Infinity":1,"s:36:22:36:Infinity":6,"b:36:22:36:31:36:31:36:Infinity":3,"s:37:25:37:Infinity":7,"b:37:25:37:37:37:37:37:Infinity":4,"s:38:23:38:Infinity":8,"b:38:23:38:37:38:37:38:Infinity":5,"s:41:25:41:Infinity":9,"s:44:21:46:Infinity":10,"s:51:19:53:Infinity":11,"s:57:4:63:Infinity":12,"f:69:16:69:34":2,"s:70:4:77:Infinity":13,"f:83:22:83:Infinity":3,"s:89:22:91:Infinity":14,"s:95:4:99:Infinity":15,"b:97:21:97:36:97:36:97:Infinity":6,"f:105:22:105:Infinity":4,"s:110:28:110:Infinity":16,"b:110:28:110:37:110:37:110:Infinity":7,"s:111:31:111:Infinity":17,"b:111:31:111:43:111:43:111:Infinity":8,"s:113:25:115:Infinity":18,"s:119:4:124:Infinity":19,"f:130:22:130:Infinity":5,"s:135:17:135:Infinity":20,"b:135:17:135:33:135:33:135:Infinity":9,"s:137:25:150:Infinity":21,"s:155:4:160:Infinity":22,"f:166:22:166:40":6,"s:167:4:187:Infinity":23,"s:170:8:173:Infinity":24,"s:176:8:176:Infinity":25,"s:177:8:177:Infinity":26,"s:178:8:178:Infinity":27,"s:179:8:180:Infinity":28,"s:182:8:182:Infinity":29,"s:183:8:183:Infinity":30,"s:185:8:185:Infinity":31,"s:186:8:186:Infinity":32,"f:193:22:193:46":7,"b:193:63:193:72":10,"s:194:4:208:Infinity":33,"s:196:24:198:Infinity":34,"s:202:8:204:Infinity":35,"s:203:12:203:Infinity":36,"s:206:8:206:Infinity":37,"s:207:8:207:Infinity":38,"f:214:22:214:67":8,"s:215:4:221:Infinity":39,"s:216:23:216:Infinity":40,"s:217:8:217:Infinity":41,"s:219:8:219:Infinity":42,"s:220:8:220:Infinity":43}}}
}
